<?xml version="1.0" encoding="utf-8" standalone="no"?>
<test-results xmlns:xsi="http://www.w3.org/2001/XMLSchema-instance" xsi:noNamespaceSchemaLocation="nunit_schema_2.5.xsd" name="Pester" total="7" errors="0" failures="0" not-run="0" inconclusive="0" ignored="0" skipped="0" invalid="0" date="2026-07-01" time="17:49:24">
  <environment cwd="C:\Exensio\04-temp\proxy-config" machine-name="LT-T14-PVG-7129" user-domain="PVG" platform="Microsoft Windows 11 Pro|C:\WINDOWS|\Device\Harddisk0\Partition3" nunit-version="2.5.8.0" os-version="10.0.26100" clr-version="9.0.14" user="yangxinl" />
  <culture-info current-culture="en-US" current-uiculture="en-US" />
  <test-suite type="TestFixture" name="Pester" executed="True" result="Success" success="True" time="9.7914" asserts="0" description="Pester">
    <results>
      <test-suite type="TestFixture" name="C:\Exensio\04-temp\proxy-config\tests\pester\Proxy.Tests.ps1" executed="True" result="Success" success="True" time="9.7914" asserts="0" description="C:\Exensio\04-temp\proxy-config\tests\pester\Proxy.Tests.ps1">
        <results>
          <test-suite type="TestFixture" name="Read-ClashProxyConfig" executed="True" result="Success" success="True" time="0.6205" asserts="0" description="Read-ClashProxyConfig">
            <results>
              <test-case description="loads defaults from config.defaults.env" name="Read-ClashProxyConfig.loads defaults from config.defaults.env" time="0.4513" asserts="0" success="True" result="Success" executed="True" />
            </results>
          </test-suite>
          <test-suite type="TestFixture" name="Test-ClashProxyConfig" executed="True" result="Success" success="True" time="0.7284" asserts="0" description="Test-ClashProxyConfig">
            <results>
              <test-case description="rejects invalid host" name="Test-ClashProxyConfig.rejects invalid host" time="0.0672" asserts="0" success="True" result="Success" executed="True" />
              <test-case description="rejects invalid port" name="Test-ClashProxyConfig.rejects invalid port" time="0.0233" asserts="0" success="True" result="Success" executed="True" />
            </results>
          </test-suite>
          <test-suite type="TestFixture" name="Get-GitProxyUrl" executed="True" result="Success" success="True" time="0.7829" asserts="0" description="Get-GitProxyUrl">
            <results>
              <test-case description="returns http url by default" name="Get-GitProxyUrl.returns http url by default" time="0.0287" asserts="0" success="True" result="Success" executed="True" />
              <test-case description="returns socks url when scheme is socks5" name="Get-GitProxyUrl.returns socks url when scheme is socks5" time="0.021" asserts="0" success="True" result="Success" executed="True" />
            </results>
          </test-suite>
          <test-suite type="TestFixture" name="Get-ClashProxyHost" executed="True" result="Success" success="True" time="0.8389" asserts="0" description="Get-ClashProxyHost">
            <results>
              <test-case description="returns forced HOST from config" name="Get-ClashProxyHost.returns forced HOST from config" time="0.0244" asserts="0" success="True" result="Success" executed="True" />
              <test-case description="defaults to 127.0.0.1 when HOST empty" name="Get-ClashProxyHost.defaults to 127.0.0.1 when HOST empty" time="0.023" asserts="0" success="True" result="Success" executed="True" />
            </results>
          </test-suite>
        </results>
      </test-suite>
    </results>
  </test-suite>
</test-results>